// 重构日志: a9ed5094
// 重构日志: e9c97c34
// 重构日志: 7331a40e
// 重构日志: 8a550509
// 重构日志: abe562c0
// 重构日志: 98cc1564
// 同步 ID: f394c9e7 @ Sun Jul 12 15:21:26 UTC 2026
// 重构日志: 381083c2
// 重构日志: 45edbe3b
// 重构日志: bbd0945b
// 同步 ID: c87e4e21 @ Mon Jul 13 18:14:43 UTC 2026
// 重构日志: 54196c57
// 同步 ID: 5b2e1d8c @ Tue Jul 14 20:07:43 UTC 2026
// 重构日志: 411f27c4
// 重构日志: 42a09984
// 同步 ID: 3514da98 @ Wed Jul 15 16:32:03 UTC 2026
// 同步 ID: ba1524cb @ Wed Jul 15 18:18:18 UTC 2026
// 同步 ID: 5ea1bc32 @ Thu Jul 16 15:02:36 UTC 2026
// 重构日志: 8bf330eb
// 同步 ID: c8ea3efa @ Fri Jul 17 14:17:27 UTC 2026
// 重构日志: 7b5186b1
// 同步 ID: ed77e954 @ Sat Jul 18 16:47:43 UTC 2026
// 重构日志: 5d380efe
// 重构日志: ab0aae3c
// 重构日志: 323527a9
// 重构日志: 72e298e5
// 同步 ID: 86f244e7 @ Wed Jul 22 14:42:43 UTC 2026
// 重构日志: 86e22f63
// 同步 ID: 84786808 @ Thu Jul 23 17:39:44 UTC 2026
// 同步 ID: 6d868505 @ Fri Jul 24 07:19:57 UTC 2026
// 重构日志: 05cf4ec3
